<?xml version="1.0" encoding="UTF-8"?>
<!-- Generated by org.testng.reporters.JUnitReportReporter -->
<testsuite hostname="appinventiv-Latitude-3420" failures="0" tests="1" name="test_ng.CheckDetails" time="0.002" errors="0" timestamp="2024-07-09T10:27:56 IST" skipped="0">
  <testcase classname="test_ng.CheckDetails" name="details" time="0.002"/>
  <system-out/>
</testsuite> <!-- test_ng.CheckDetails -->
